<?xml version="1.0" encoding="UTF-8"?>
<testng-results ignored="0" total="1" passed="1" failed="0" skipped="0">
  <reporter-output>
  </reporter-output>
  <suite started-at="2026-04-28T21:07:09 IST" name="SeleniumSuite" finished-at="2026-04-28T21:07:14 IST" duration-ms="5362">
    <groups>
    </groups>
    <test started-at="2026-04-28T21:07:09 IST" name="LoginTest" finished-at="2026-04-28T21:07:14 IST" duration-ms="5362">
      <class name="com.test.ExampleTest">
        <test-method signature="loginTest()[pri:0, instance:com.test.ExampleTest@31d7b7bf]" started-at="2026-04-28T21:07:09 IST" name="loginTest" finished-at="2026-04-28T21:07:14 IST" duration-ms="5304" status="PASS">
          <reporter-output>
          </reporter-output>
        </test-method> <!-- loginTest -->
      </class> <!-- com.test.ExampleTest -->
    </test> <!-- LoginTest -->
  </suite> <!-- SeleniumSuite -->
</testng-results>
